<?xml version="1.0" encoding="UTF-8"?>
<robot generator="Robot 4.1.3 (Python 3.8.5 on win32)" generated="20230226 17:31:59.643" rpa="false" schemaversion="2">
<suite id="s1" name="ROBOT" source="C:\Users\Majjoud Idriss\Documents\jiraProject\ROBOT.robot">
<test id="s1-t1" name="tco">
<kw name="ouvrir navigateur" library="keywords">
<kw name="Open Browser" library="SeleniumLibrary">
<arg>https://www.google.com/</arg>
<arg>chrome</arg>
<doc>Opens a new browser instance to the optional ``url``.</doc>
<msg timestamp="20230226 17:32:00.130" level="INFO">Opening browser 'chrome' to base url 'https://www.google.com/'.</msg>
<status status="PASS" starttime="20230226 17:32:00.129" endtime="20230226 17:32:02.994"/>
</kw>
<kw name="Sleep" library="BuiltIn">
<arg>5s</arg>
<doc>Pauses the test executed for the given time.</doc>
<msg timestamp="20230226 17:32:08.006" level="INFO">Slept 5 seconds</msg>
<status status="PASS" starttime="20230226 17:32:02.994" endtime="20230226 17:32:08.006"/>
</kw>
<kw name="Close Browser" library="SeleniumLibrary">
<doc>Closes the current browser.</doc>
<status status="PASS" starttime="20230226 17:32:08.006" endtime="20230226 17:32:11.364"/>
</kw>
<status status="PASS" starttime="20230226 17:32:00.129" endtime="20230226 17:32:11.364"/>
</kw>
<status status="PASS" starttime="20230226 17:32:00.126" endtime="20230226 17:32:11.365"/>
</test>
<status status="PASS" starttime="20230226 17:31:59.646" endtime="20230226 17:32:11.370"/>
</suite>
<statistics>
<total>
<stat pass="1" fail="0" skip="0">All Tests</stat>
</total>
<tag>
</tag>
<suite>
<stat pass="1" fail="0" skip="0" id="s1" name="ROBOT">ROBOT</stat>
</suite>
</statistics>
<errors>
</errors>
</robot>
