<?xml version="1.0" encoding="UTF-8"?>
<robot generator="Robot 4.1.3 (Python 3.8.5 on win32)" generated="20230409 01:33:42.940" rpa="false" schemaversion="2">
<suite id="s1" name="ROBOT" source="C:\Users\Majjoud Idriss\Documents\jiraProject\ROBOT.robot">
<test id="s1-t1" name="tco">
<kw name="ouvrir navigateur" library="keywords">
<kw name="Open Browser" library="SeleniumLibrary">
<arg>https://www.google.com/</arg>
<arg>chrome</arg>
<doc>Opens a new browser instance to the optional ``url``.</doc>
<msg timestamp="20230409 01:33:43.264" level="INFO">Opening browser 'chrome' to base url 'https://www.google.com/'.</msg>
<status status="PASS" starttime="20230409 01:33:43.263" endtime="20230409 01:33:45.801"/>
</kw>
<kw name="Sleep" library="BuiltIn">
<arg>2s</arg>
<doc>Pauses the test executed for the given time.</doc>
<msg timestamp="20230409 01:33:47.812" level="INFO">Slept 2 seconds</msg>
<status status="PASS" starttime="20230409 01:33:45.801" endtime="20230409 01:33:47.813"/>
</kw>
<kw name="Click Element" library="SeleniumLibrary">
<arg>//input[@name="q"]</arg>
<doc>Click the element identified by ``locator``.</doc>
<msg timestamp="20230409 01:33:47.817" level="INFO">Clicking element '//input[@name="q"]'.</msg>
<msg timestamp="20230409 01:33:47.955" level="INFO" html="true">&lt;/td&gt;&lt;/tr&gt;&lt;tr&gt;&lt;td colspan="3"&gt;&lt;a href="selenium-screenshot-4.png"&gt;&lt;img src="selenium-screenshot-4.png" width="800px"&gt;&lt;/a&gt;</msg>
<msg timestamp="20230409 01:33:47.983" level="FAIL">Element with locator '//input[@name="q"]' not found.</msg>
<status status="FAIL" starttime="20230409 01:33:47.814" endtime="20230409 01:33:47.983"/>
</kw>
<kw name="Input Text" library="SeleniumLibrary">
<arg>//input[@name="q"]</arg>
<arg>super mario</arg>
<doc>Types the given ``text`` into the text field identified by ``locator``.</doc>
<status status="NOT RUN" starttime="20230409 01:33:47.983" endtime="20230409 01:33:47.984"/>
</kw>
<kw name="Close Browser" library="SeleniumLibrary">
<doc>Closes the current browser.</doc>
<status status="NOT RUN" starttime="20230409 01:33:47.984" endtime="20230409 01:33:47.984"/>
</kw>
<status status="FAIL" starttime="20230409 01:33:43.262" endtime="20230409 01:33:47.985"/>
</kw>
<status status="FAIL" starttime="20230409 01:33:43.260" endtime="20230409 01:33:47.986">Element with locator '//input[@name="q"]' not found.</status>
</test>
<status status="FAIL" starttime="20230409 01:33:42.942" endtime="20230409 01:33:47.989"/>
</suite>
<statistics>
<total>
<stat pass="0" fail="1" skip="0">All Tests</stat>
</total>
<tag>
</tag>
<suite>
<stat pass="0" fail="1" skip="0" id="s1" name="ROBOT">ROBOT</stat>
</suite>
</statistics>
<errors>
</errors>
</robot>
